app/build/outputs/logs/manifest-merger-debug-report.txt
-- Merging decision tree log ---
manifest
ADDED from src/main/AndroidManifest.xml:6:1-72:12
INJECTED from src/main/AndroidManifest.xml:6:1-72:12
INJECTED from src/main/AndroidManifest.xml:6:1-72:12
INJECTED from src/main/AndroidManifest.xml:6:1-72:12
MERGED from [com.evernote:android-job:1.1.10] AndroidManifest.xml:2:1-60:12
MERGED from [net.vrallev.android:cat:1.0.5] AndroidManifest.xml:2:1-11:12
INJECTED from src/main/AndroidManifest.xml:6:1-72:12
INJECTED from src/main/AndroidManifest.xml:6:1-72:12
INJECTED from src/main/AndroidManifest.xml:6:1-72:12
	package
		ADDED from src/main/AndroidManifest.xml:8:5-42
		INJECTED from src/main/AndroidManifest.xml
		INJECTED from src/main/AndroidManifest.xml
	android:versionName
		ADDED from src/main/AndroidManifest.xml:10:5-32
		INJECTED from src/main/AndroidManifest.xml
		INJECTED from src/main/AndroidManifest.xml
	xmlns:android
		ADDED from src/main/AndroidManifest.xml:7:5-63
	android:versionCode
		ADDED from src/main/AndroidManifest.xml:9:5-29
		INJECTED from src/main/AndroidManifest.xml
		INJECTED from src/main/AndroidManifest.xml
	android:installLocation
		ADDED from src/main/AndroidManifest.xml:11:5-45
application
ADDED from src/main/AndroidManifest.xml:13:5-64:19
MERGED from [com.evernote:android-job:1.1.10] AndroidManifest.xml:16:5-58:19
MERGED from [com.evernote:android-job:1.1.10] AndroidManifest.xml:16:5-58:19
	android:label
		ADDED from src/main/AndroidManifest.xml:15:9-41
	tools:ignore
		ADDED from [com.evernote:android-job:1.1.10] AndroidManifest.xml:16:18-44
	android:icon
		ADDED from src/main/AndroidManifest.xml:14:9-38
activity#info.lamatricexiste.network.ActivityMain
ADDED from src/main/AndroidManifest.xml:17:9-25:20
	android:label
		ADDED from src/main/AndroidManifest.xml:19:13-45
	android:configChanges
		ADDED from src/main/AndroidManifest.xml:20:13-72
	android:name
		ADDED from src/main/AndroidManifest.xml:18:13-41
intent-filter#android.intent.action.MAIN+android.intent.category.LAUNCHER
ADDED from src/main/AndroidManifest.xml:21:13-24:29
action#android.intent.action.MAIN
ADDED from src/main/AndroidManifest.xml:22:17-69
	android:name
		ADDED from src/main/AndroidManifest.xml:22:25-66
category#android.intent.category.LAUNCHER
ADDED from src/main/AndroidManifest.xml:23:17-77
	android:name
		ADDED from src/main/AndroidManifest.xml:23:27-74
activity#info.lamatricexiste.network.ActivityDiscovery
ADDED from src/main/AndroidManifest.xml:27:9-30:75
	android:label
		ADDED from src/main/AndroidManifest.xml:29:13-45
	android:configChanges
		ADDED from src/main/AndroidManifest.xml:30:13-72
	android:name
		ADDED from src/main/AndroidManifest.xml:28:13-46
activity#info.lamatricexiste.network.ActivityPortscan
ADDED from src/main/AndroidManifest.xml:32:9-48:20
	android:label
		ADDED from src/main/AndroidManifest.xml:34:13-45
	android:configChanges
		ADDED from src/main/AndroidManifest.xml:35:13-60
	android:name
		ADDED from src/main/AndroidManifest.xml:33:13-45
intent-filter#.SCAN_HOST+android.intent.category.DEFAULT
ADDED from src/main/AndroidManifest.xml:36:13-47:29
action#info.lamatricexiste.network.SCAN_HOST
ADDED from src/main/AndroidManifest.xml:37:17-53
	android:name
		ADDED from src/main/AndroidManifest.xml:37:25-50
category#android.intent.category.DEFAULT
ADDED from src/main/AndroidManifest.xml:38:17-76
	android:name
		ADDED from src/main/AndroidManifest.xml:38:27-73
activity#info.lamatricexiste.network.Utils.Prefs
ADDED from src/main/AndroidManifest.xml:50:9-58:20
	android:label
		ADDED from src/main/AndroidManifest.xml:52:13-45
	android:configChanges
		ADDED from src/main/AndroidManifest.xml:53:13-72
	android:name
		ADDED from src/main/AndroidManifest.xml:51:13-40
intent-filter#android.intent.category.DEFAULT+android.intent.category.PREFERENCE
ADDED from src/main/AndroidManifest.xml:54:13-57:29
category#android.intent.category.PREFERENCE
ADDED from src/main/AndroidManifest.xml:56:17-79
	android:name
		ADDED from src/main/AndroidManifest.xml:56:27-76
activity#info.lamatricexiste.network.Utils.Help
ADDED from src/main/AndroidManifest.xml:60:9-62:48
	android:label
		ADDED from src/main/AndroidManifest.xml:62:13-45
	android:name
		ADDED from src/main/AndroidManifest.xml:61:13-39
supports-screens
ADDED from src/main/AndroidManifest.xml:66:5-25
uses-permission#android.permission.INTERNET
ADDED from src/main/AndroidManifest.xml:67:5-67
	android:name
		ADDED from src/main/AndroidManifest.xml:67:22-64
uses-permission#android.permission.ACCESS_NETWORK_STATE
ADDED from src/main/AndroidManifest.xml:68:5-79
MERGED from [com.evernote:android-job:1.1.10] AndroidManifest.xml:13:5-79
MERGED from [com.evernote:android-job:1.1.10] AndroidManifest.xml:13:5-79
	android:name
		ADDED from src/main/AndroidManifest.xml:68:22-76
uses-permission#android.permission.ACCESS_WIFI_STATE
ADDED from src/main/AndroidManifest.xml:69:5-76
	android:name
		ADDED from src/main/AndroidManifest.xml:69:22-73
uses-permission#android.permission.WRITE_EXTERNAL_STORAGE
ADDED from src/main/AndroidManifest.xml:70:5-81
	android:name
		ADDED from src/main/AndroidManifest.xml:70:22-78
uses-permission#android.permission.VIBRATE
ADDED from src/main/AndroidManifest.xml:71:5-66
	android:name
		ADDED from src/main/AndroidManifest.xml:71:22-63
uses-sdk
INJECTED from src/main/AndroidManifest.xml reason: use-sdk injection requested
INJECTED from src/main/AndroidManifest.xml
INJECTED from src/main/AndroidManifest.xml
MERGED from [com.evernote:android-job:1.1.10] AndroidManifest.xml:8:5-10:41
MERGED from [com.evernote:android-job:1.1.10] AndroidManifest.xml:8:5-10:41
MERGED from [net.vrallev.android:cat:1.0.5] AndroidManifest.xml:7:5-9:41
MERGED from [net.vrallev.android:cat:1.0.5] AndroidManifest.xml:7:5-9:41
INJECTED from src/main/AndroidManifest.xml
INJECTED from src/main/AndroidManifest.xml
	android:targetSdkVersion
		INJECTED from src/main/AndroidManifest.xml
		INJECTED from src/main/AndroidManifest.xml
	android:minSdkVersion
		INJECTED from src/main/AndroidManifest.xml
		INJECTED from src/main/AndroidManifest.xml
uses-permission#android.permission.WAKE_LOCK
ADDED from [com.evernote:android-job:1.1.10] AndroidManifest.xml:12:5-68
	android:name
		ADDED from [com.evernote:android-job:1.1.10] AndroidManifest.xml:12:22-65
uses-permission#android.permission.RECEIVE_BOOT_COMPLETED
ADDED from [com.evernote:android-job:1.1.10] AndroidManifest.xml:14:5-81
	android:name
		ADDED from [com.evernote:android-job:1.1.10] AndroidManifest.xml:14:22-78
service#com.evernote.android.job.v21.PlatformJobService
ADDED from [com.evernote:android-job:1.1.10] AndroidManifest.xml:17:9-20:72
	android:exported
		ADDED from [com.evernote:android-job:1.1.10] AndroidManifest.xml:19:13-37
	android:permission
		ADDED from [com.evernote:android-job:1.1.10] AndroidManifest.xml:20:13-69
	android:name
		ADDED from [com.evernote:android-job:1.1.10] AndroidManifest.xml:18:13-75
service#com.evernote.android.job.v14.PlatformAlarmService
ADDED from [com.evernote:android-job:1.1.10] AndroidManifest.xml:21:9-23:40
	android:exported
		ADDED from [com.evernote:android-job:1.1.10] AndroidManifest.xml:23:13-37
	android:name
		ADDED from [com.evernote:android-job:1.1.10] AndroidManifest.xml:22:13-77
receiver#com.evernote.android.job.v14.PlatformAlarmReceiver
ADDED from [com.evernote:android-job:1.1.10] AndroidManifest.xml:25:9-34:20
	android:exported
		ADDED from [com.evernote:android-job:1.1.10] AndroidManifest.xml:27:13-37
	android:name
		ADDED from [com.evernote:android-job:1.1.10] AndroidManifest.xml:26:13-78
intent-filter#com.evernote.android.job.v14.RUN_JOB+net.vrallev.android.job.v14.RUN_JOB
ADDED from [com.evernote:android-job:1.1.10] AndroidManifest.xml:28:13-33:29
action#com.evernote.android.job.v14.RUN_JOB
ADDED from [com.evernote:android-job:1.1.10] AndroidManifest.xml:31:17-79
	android:name
		ADDED from [com.evernote:android-job:1.1.10] AndroidManifest.xml:31:25-76
action#net.vrallev.android.job.v14.RUN_JOB
ADDED from [com.evernote:android-job:1.1.10] AndroidManifest.xml:32:17-78
	android:name
		ADDED from [com.evernote:android-job:1.1.10] AndroidManifest.xml:32:25-75
receiver#com.evernote.android.job.JobBootReceiver
ADDED from [com.evernote:android-job:1.1.10] AndroidManifest.xml:35:9-44:20
	android:exported
		ADDED from [com.evernote:android-job:1.1.10] AndroidManifest.xml:37:13-37
	android:name
		ADDED from [com.evernote:android-job:1.1.10] AndroidManifest.xml:36:13-68
intent-filter#android.intent.action.BOOT_COMPLETED+android.intent.action.MY_PACKAGE_REPLACED+android.intent.action.QUICKBOOT_POWERON+com.htc.intent.action.QUICKBOOT_POWERON
ADDED from [com.evernote:android-job:1.1.10] AndroidManifest.xml:38:13-43:29
action#android.intent.action.BOOT_COMPLETED
ADDED from [com.evernote:android-job:1.1.10] AndroidManifest.xml:39:17-79
	android:name
		ADDED from [com.evernote:android-job:1.1.10] AndroidManifest.xml:39:25-76
action#android.intent.action.QUICKBOOT_POWERON
ADDED from [com.evernote:android-job:1.1.10] AndroidManifest.xml:40:17-82
	android:name
		ADDED from [com.evernote:android-job:1.1.10] AndroidManifest.xml:40:25-79
action#com.htc.intent.action.QUICKBOOT_POWERON
ADDED from [com.evernote:android-job:1.1.10] AndroidManifest.xml:41:17-82
	android:name
		ADDED from [com.evernote:android-job:1.1.10] AndroidManifest.xml:41:25-79
action#android.intent.action.MY_PACKAGE_REPLACED
ADDED from [com.evernote:android-job:1.1.10] AndroidManifest.xml:42:17-84
	android:name
		ADDED from [com.evernote:android-job:1.1.10] AndroidManifest.xml:42:25-81
service#com.evernote.android.job.gcm.PlatformGcmService
ADDED from [com.evernote:android-job:1.1.10] AndroidManifest.xml:46:9-54:19
	android:enabled
		ADDED from [com.evernote:android-job:1.1.10] AndroidManifest.xml:48:13-36
	android:exported
		ADDED from [com.evernote:android-job:1.1.10] AndroidManifest.xml:49:13-36
	android:permission
		ADDED from [com.evernote:android-job:1.1.10] AndroidManifest.xml:50:13-93
	android:name
		ADDED from [com.evernote:android-job:1.1.10] AndroidManifest.xml:47:13-75
intent-filter#com.google.android.gms.gcm.ACTION_TASK_READY
ADDED from [com.evernote:android-job:1.1.10] AndroidManifest.xml:51:13-53:29
action#com.google.android.gms.gcm.ACTION_TASK_READY
ADDED from [com.evernote:android-job:1.1.10] AndroidManifest.xml:52:17-87
	android:name
		ADDED from [com.evernote:android-job:1.1.10] AndroidManifest.xml:52:25-84
service#com.evernote.android.job.JobRescheduleService
ADDED from [com.evernote:android-job:1.1.10] AndroidManifest.xml:55:9-57:40
	android:exported
		ADDED from [com.evernote:android-job:1.1.10] AndroidManifest.xml:57:13-37
	android:name
		ADDED from [com.evernote:android-job:1.1.10] AndroidManifest.xml:56:13-73